<?xml version="1.0" encoding="UTF-8"?>
<!-- Generated by org.testng.reporters.JUnitReportReporter -->
<testsuite skipped="0" hostname="DESKTOP-ULUOQPA" name="com.nopcommerce.testCases.TC_LoginTest_001" tests="2" failures="0" timestamp="2021-11-08T14:32:23 IST" time="57.126" errors="0">
  <testcase name="loginTest" time="25.435" classname="com.nopcommerce.testCases.TC_LoginTest_001"/>
  <system-out/>
  <testcase name="loginTest" time="31.691" classname="com.nopcommerce.testCases.TC_LoginTest_001"/>
  <system-out/>
</testsuite> <!-- com.nopcommerce.testCases.TC_LoginTest_001 -->
