<?xml version="1.0" encoding="UTF-8"?>
<!-- Generated by org.testng.reporters.JUnitReportReporter -->
<testsuite skipped="0" hostname="DESKTOP-ULUOQPA" name="com.nopcommerce.testCases.TC_LoginDDT_002" tests="4" failures="0" timestamp="2021-11-08T14:32:24 IST" time="49.745" errors="0">
  <testcase name="loginTest" time="4.713" classname="com.nopcommerce.testCases.TC_LoginDDT_002"/>
  <system-out/>
  <testcase name="loginTest" time="6.661" classname="com.nopcommerce.testCases.TC_LoginDDT_002"/>
  <system-out/>
  <testcase name="loginTest" time="33.454" classname="com.nopcommerce.testCases.TC_LoginDDT_002"/>
  <system-out/>
  <testcase name="loginTest" time="4.917" classname="com.nopcommerce.testCases.TC_LoginDDT_002"/>
  <system-out/>
</testsuite> <!-- com.nopcommerce.testCases.TC_LoginDDT_002 -->
