<?xml version="1.0" encoding="UTF-8"?>
<!-- Generated by org.testng.reporters.JUnitReportReporter -->
<testsuite skipped="0" hostname="DESKTOP-ULUOQPA" name="com.nopcommerce.testCases.TC_LoginTest_001" tests="1" failures="0" timestamp="2021-11-04T17:23:17 PDT" time="11.550" errors="0">
  <testcase name="loginTest" time="11.550" classname="com.nopcommerce.testCases.TC_LoginTest_001"/>
  <system-out/>
</testsuite> <!-- com.nopcommerce.testCases.TC_LoginTest_001 -->
