<?xml version="1.0" encoding="UTF-8"?>
<!-- Generated by org.testng.reporters.JUnitReportReporter -->
<testsuite skipped="0" hostname="DESKTOP-ULUOQPA" name="com.nopcommerce.testCases.TC_LoginTest_001" tests="2" failures="0" timestamp="05 Nov 2021 03:34:20 GMT" time="36.046" errors="0">
  <testcase name="loginTest" time="19.299" classname="com.nopcommerce.testCases.TC_LoginTest_001"/>
  <testcase name="loginTest" time="16.747" classname="com.nopcommerce.testCases.TC_LoginTest_001"/>
</testsuite> <!-- com.nopcommerce.testCases.TC_LoginTest_001 -->
